*** Starting uWSGI 2.0.18 (64bit) on [Tue Apr  7 18:14:57 2020] ***
compiled with version: 7.5.0 on 07 April 2020 08:15:38
os: Linux-5.3.0-40-generic #32~18.04.1-Ubuntu SMP Mon Feb 3 14:05:59 UTC 2020
nodename: blue-Lenovo-ideapad-700-15ISK
machine: x86_64
clock source: unix
pcre jit disabled
detected number of CPU cores: 8
current working directory: /home/blue/PycharmProjects/weboAnalyze
writing pidfile to /home/blue/PycharmProjects/weboAnalyze/uwsgi/uwsgi.pid
detected binary path: /home/blue/PycharmProjects/weboAnalyze/venv/bin/uwsgi
chdir() to /home/blue/PycharmProjects/weboAnalyze
your processes number limit is 63039
your memory page size is 4096 bytes
detected max file descriptor number: 1048576
lock engine: pthread robust mutexes
thunder lock: disabled (you can enable it with --thunder-lock)
uWSGI http bound on 0.0.0.0:8080 fd 3
uwsgi socket 0 bound to UNIX address /home/blue/PycharmProjects/weboAnalyze/uwsgi/uwsgi.sock fd 6
Python version: 3.6.9 (default, Nov  7 2019, 10:44:02)  [GCC 8.3.0]
PEP 405 virtualenv detected: /home/blue/PycharmProjects/weboAnalyze/venv
Set PythonHome to /home/blue/PycharmProjects/weboAnalyze/venv
Python main interpreter initialized at 0x56477f2c0620
python threads support enabled
your server socket listen backlog is limited to 100 connections
your mercy for graceful operations on workers is 60 seconds
mapped 218760 bytes (213 KB) for 2 cores
*** Operational MODE: preforking ***
WSGI app 0 (mountpoint='') ready in 0 seconds on interpreter 0x56477f2c0620 pid: 30838 (default app)
*** uWSGI is running in multiple interpreter mode ***
spawned uWSGI master process (pid: 30838)
spawned uWSGI worker 1 (pid: 30841, cores: 1)
spawned uWSGI worker 2 (pid: 30842, cores: 1)
*** Stats server enabled on /home/blue/PycharmProjects/weboAnalyze/uwsgi/uwsgi.status fd: 15 ***
spawned uWSGI http 1 (pid: 30844)
Python auto-reloader enabled
*** Starting uWSGI 2.0.18 (64bit) on [Tue Apr  7 18:15:28 2020] ***
compiled with version: 7.5.0 on 07 April 2020 08:15:38
os: Linux-5.3.0-40-generic #32~18.04.1-Ubuntu SMP Mon Feb 3 14:05:59 UTC 2020
nodename: blue-Lenovo-ideapad-700-15ISK
machine: x86_64
clock source: unix
pcre jit disabled
detected number of CPU cores: 8
current working directory: /home/blue/PycharmProjects/weboAnalyze
writing pidfile to /home/blue/PycharmProjects/weboAnalyze/uwsgi/uwsgi.pid
detected binary path: /home/blue/PycharmProjects/weboAnalyze/venv/bin/uwsgi
chdir() to /home/blue/PycharmProjects/weboAnalyze
your processes number limit is 63039
your memory page size is 4096 bytes
detected max file descriptor number: 1048576
lock engine: pthread robust mutexes
thunder lock: disabled (you can enable it with --thunder-lock)
probably another instance of uWSGI is running on the same address (0.0.0.0:8080).
bind(): Address already in use [core/socket.c line 769]
*** Starting uWSGI 2.0.18 (64bit) on [Tue Apr  7 18:15:47 2020] ***
compiled with version: 7.5.0 on 07 April 2020 08:15:38
os: Linux-5.3.0-40-generic #32~18.04.1-Ubuntu SMP Mon Feb 3 14:05:59 UTC 2020
nodename: blue-Lenovo-ideapad-700-15ISK
machine: x86_64
clock source: unix
pcre jit disabled
detected number of CPU cores: 8
current working directory: /home/blue/PycharmProjects/weboAnalyze
writing pidfile to /home/blue/PycharmProjects/weboAnalyze/uwsgi/uwsgi.pid
detected binary path: /home/blue/PycharmProjects/weboAnalyze/venv/bin/uwsgi
chdir() to /home/blue/PycharmProjects/weboAnalyze
your processes number limit is 63039
your memory page size is 4096 bytes
detected max file descriptor number: 1048576
lock engine: pthread robust mutexes
thunder lock: disabled (you can enable it with --thunder-lock)
probably another instance of uWSGI is running on the same address (0.0.0.0:8080).
bind(): Address already in use [core/socket.c line 769]
*** Starting uWSGI 2.0.18 (64bit) on [Tue Apr  7 18:15:51 2020] ***
compiled with version: 7.5.0 on 07 April 2020 08:15:38
os: Linux-5.3.0-40-generic #32~18.04.1-Ubuntu SMP Mon Feb 3 14:05:59 UTC 2020
nodename: blue-Lenovo-ideapad-700-15ISK
machine: x86_64
clock source: unix
pcre jit disabled
detected number of CPU cores: 8
current working directory: /home/blue/PycharmProjects/weboAnalyze
writing pidfile to /home/blue/PycharmProjects/weboAnalyze/uwsgi/uwsgi.pid
detected binary path: /home/blue/PycharmProjects/weboAnalyze/venv/bin/uwsgi
chdir() to /home/blue/PycharmProjects/weboAnalyze
your processes number limit is 63039
your memory page size is 4096 bytes
detected max file descriptor number: 1048576
lock engine: pthread robust mutexes
thunder lock: disabled (you can enable it with --thunder-lock)
probably another instance of uWSGI is running on the same address (0.0.0.0:8080).
bind(): Address already in use [core/socket.c line 769]
[pid: 30842|app: 0|req: 1/1] 127.0.0.1 () {48 vars in 899 bytes} [Tue Apr  7 18:15:56 2020] GET / => generated 1291 bytes in 35 msecs (HTTP/1.1 200) 2 headers in 81 bytes (1 switches on core 0)
[pid: 30842|app: 0|req: 2/2] 127.0.0.1 () {46 vars in 778 bytes} [Tue Apr  7 18:15:57 2020] GET /curData => generated 1148 bytes in 881 msecs (HTTP/1.1 200) 2 headers in 73 bytes (1 switches on core 0)
[pid: 30842|app: 0|req: 3/3] 127.0.0.1 () {48 vars in 892 bytes} [Tue Apr  7 18:31:39 2020] GET / => generated 1291 bytes in 1 msecs (HTTP/1.1 200) 2 headers in 81 bytes (1 switches on core 0)
[pid: 30842|app: 0|req: 4/4] 127.0.0.1 () {50 vars in 900 bytes} [Tue Apr  7 18:31:41 2020] GET / => generated 1291 bytes in 1 msecs (HTTP/1.1 200) 2 headers in 81 bytes (1 switches on core 0)
[pid: 30842|app: 0|req: 5/5] 127.0.0.1 () {48 vars in 810 bytes} [Tue Apr  7 18:31:41 2020] GET /static/css/reset.css => generated 1805 bytes in 2 msecs via sendfile() (HTTP/1.1 200) 7 headers in 281 bytes (0 switches on core 0)
[pid: 30842|app: 0|req: 6/6] 127.0.0.1 () {48 vars in 810 bytes} [Tue Apr  7 18:31:41 2020] GET /static/css/index.css => generated 1763 bytes in 1 msecs via sendfile() (HTTP/1.1 200) 7 headers in 281 bytes (0 switches on core 0)
[pid: 30842|app: 0|req: 7/7] 127.0.0.1 () {48 vars in 835 bytes} [Tue Apr  7 18:31:41 2020] GET /static/img/example.png => generated 15828 bytes in 1 msecs via sendfile() (HTTP/1.1 200) 7 headers in 269 bytes (0 switches on core 0)
[pid: 30841|app: 0|req: 1/8] 127.0.0.1 () {48 vars in 812 bytes} [Tue Apr  7 18:31:41 2020] GET /static/css/common.css => generated 1948 bytes in 5 msecs via sendfile() (HTTP/1.1 200) 7 headers in 281 bytes (0 switches on core 0)
[pid: 30842|app: 0|req: 8/9] 127.0.0.1 () {48 vars in 792 bytes} [Tue Apr  7 18:31:41 2020] GET /static/js/index.js => generated 2470 bytes in 1 msecs via sendfile() (HTTP/1.1 200) 7 headers in 299 bytes (0 switches on core 0)
[pid: 30841|app: 0|req: 2/10] 127.0.0.1 () {48 vars in 813 bytes} [Tue Apr  7 18:31:42 2020] GET /favicon.ico => generated 232 bytes in 1 msecs (HTTP/1.1 404) 2 headers in 87 bytes (1 switches on core 0)
[pid: 30842|app: 0|req: 9/11] 127.0.0.1 () {44 vars in 678 bytes} [Tue Apr  7 18:31:42 2020] GET /curData => generated 1131 bytes in 1027 msecs (HTTP/1.1 200) 2 headers in 73 bytes (2 switches on core 0)
[pid: 30841|app: 0|req: 3/12] 127.0.0.1 () {52 vars in 931 bytes} [Tue Apr  7 18:31:45 2020] GET / => generated 1291 bytes in 17 msecs (HTTP/1.1 200) 2 headers in 81 bytes (1 switches on core 0)
[pid: 30841|app: 0|req: 4/13] 127.0.0.1 () {52 vars in 931 bytes} [Tue Apr  7 18:31:46 2020] GET / => generated 1291 bytes in 3 msecs (HTTP/1.1 200) 2 headers in 81 bytes (1 switches on core 0)
Tue Apr  7 18:31:46 2020 - SIGPIPE: writing to a closed pipe/socket/fd (probably the client disconnected) on request /curData (ip 127.0.0.1) !!!
Tue Apr  7 18:31:46 2020 - uwsgi_response_writev_headers_and_body_do(): Broken pipe [core/writer.c line 306] during GET /curData (127.0.0.1)
OSError: write error
[pid: 30842|app: 0|req: 10/14] 127.0.0.1 () {44 vars in 678 bytes} [Tue Apr  7 18:31:45 2020] GET /curData => generated 0 bytes in 774 msecs (HTTP/1.1 200) 2 headers in 0 bytes (0 switches on core 0)
[pid: 30842|app: 0|req: 11/15] 127.0.0.1 () {44 vars in 678 bytes} [Tue Apr  7 18:31:46 2020] GET /curData => generated 1117 bytes in 805 msecs (HTTP/1.1 200) 2 headers in 73 bytes (2 switches on core 0)
[pid: 30842|app: 0|req: 12/16] 127.0.0.1 () {52 vars in 950 bytes} [Tue Apr  7 18:31:49 2020] GET /login => generated 898 bytes in 7 msecs (HTTP/1.1 200) 2 headers in 80 bytes (1 switches on core 0)
[pid: 30842|app: 0|req: 13/17] 127.0.0.1 () {48 vars in 815 bytes} [Tue Apr  7 18:31:49 2020] GET /static/css/login.css => generated 793 bytes in 1 msecs via sendfile() (HTTP/1.1 200) 7 headers in 278 bytes (0 switches on core 0)
[pid: 30842|app: 0|req: 14/18] 127.0.0.1 () {60 vars in 1132 bytes} [Tue Apr  7 18:31:54 2020] POST /login => generated 237 bytes in 330 msecs (HTTP/1.1 302) 5 headers in 242 bytes (1 switches on core 0)
[pid: 30842|app: 0|req: 15/19] 127.0.0.1 () {54 vars in 1004 bytes} [Tue Apr  7 18:31:54 2020] GET /admin/infoList => generated 2702 bytes in 8 msecs (HTTP/1.1 200) 3 headers in 95 bytes (1 switches on core 0)
[pid: 30842|app: 0|req: 16/21] 127.0.0.1 () {48 vars in 834 bytes} [Tue Apr  7 18:31:54 2020] GET /static/css/admin-base.css => generated 2619 bytes in 1 msecs via sendfile() (HTTP/1.1 200) 7 headers in 280 bytes (0 switches on core 0)
[pid: 30841|app: 0|req: 5/21] 127.0.0.1 () {48 vars in 834 bytes} [Tue Apr  7 18:31:54 2020] GET /static/css/admin-info.css => generated 720 bytes in 1 msecs via sendfile() (HTTP/1.1 200) 7 headers in 278 bytes (0 switches on core 0)
[pid: 30841|app: 0|req: 6/22] 127.0.0.1 () {48 vars in 822 bytes} [Tue Apr  7 18:31:54 2020] GET /static/js/adminInfoList.js => generated 641 bytes in 2 msecs via sendfile() (HTTP/1.1 200) 7 headers in 292 bytes (0 switches on core 0)
[pid: 30842|app: 0|req: 17/23] 127.0.0.1 () {52 vars in 992 bytes} [Tue Apr  7 18:32:00 2020] GET /admin/infoDetails/1 => generated 14163 bytes in 28 msecs (HTTP/1.1 200) 3 headers in 96 bytes (1 switches on core 0)
[pid: 30842|app: 0|req: 18/24] 127.0.0.1 () {50 vars in 925 bytes} [Tue Apr  7 18:32:03 2020] GET /login => generated 898 bytes in 1 msecs (HTTP/1.1 200) 2 headers in 80 bytes (1 switches on core 0)
[pid: 30841|app: 0|req: 7/25] 127.0.0.1 () {52 vars in 931 bytes} [Tue Apr  7 18:32:09 2020] GET / => generated 1291 bytes in 2 msecs (HTTP/1.1 200) 2 headers in 81 bytes (1 switches on core 0)
[pid: 30842|app: 0|req: 19/26] 127.0.0.1 () {44 vars in 678 bytes} [Tue Apr  7 18:32:09 2020] GET /curData => generated 1131 bytes in 886 msecs (HTTP/1.1 200) 2 headers in 73 bytes (1 switches on core 0)
[pid: 30842|app: 0|req: 20/27] 127.0.0.1 () {52 vars in 931 bytes} [Tue Apr  7 18:32:10 2020] GET / => generated 1291 bytes in 2 msecs (HTTP/1.1 200) 2 headers in 81 bytes (1 switches on core 0)
[pid: 30842|app: 0|req: 21/28] 127.0.0.1 () {44 vars in 678 bytes} [Tue Apr  7 18:32:10 2020] GET /curData => generated 1111 bytes in 828 msecs (HTTP/1.1 200) 2 headers in 73 bytes (1 switches on core 0)
[pid: 30842|app: 0|req: 22/29] 127.0.0.1 () {46 vars in 777 bytes} [Tue Apr  7 18:32:30 2020] GET /curData => generated 1117 bytes in 812 msecs (HTTP/1.1 200) 2 headers in 73 bytes (1 switches on core 0)
[pid: 30841|app: 0|req: 8/30] 127.0.0.1 () {48 vars in 898 bytes} [Tue Apr  7 18:32:31 2020] GET / => generated 1291 bytes in 1 msecs (HTTP/1.1 200) 2 headers in 81 bytes (1 switches on core 0)
[pid: 30842|app: 0|req: 23/31] 127.0.0.1 () {46 vars in 778 bytes} [Tue Apr  7 18:32:31 2020] GET /curData => generated 1147 bytes in 732 msecs (HTTP/1.1 200) 2 headers in 73 bytes (1 switches on core 0)
[pid: 30842|app: 0|req: 24/32] 127.0.0.1 () {48 vars in 899 bytes} [Tue Apr  7 18:32:34 2020] GET / => generated 1291 bytes in 2 msecs (HTTP/1.1 200) 2 headers in 81 bytes (1 switches on core 0)
[pid: 30842|app: 0|req: 25/33] 127.0.0.1 () {46 vars in 778 bytes} [Tue Apr  7 18:32:34 2020] GET /curData => generated 1131 bytes in 1095 msecs (HTTP/1.1 200) 2 headers in 73 bytes (1 switches on core 0)
[pid: 30842|app: 0|req: 26/34] 127.0.0.1 () {54 vars in 953 bytes} [Tue Apr  7 18:32:47 2020] GET / => generated 1291 bytes in 3 msecs (HTTP/1.1 200) 2 headers in 81 bytes (1 switches on core 0)
[pid: 30841|app: 0|req: 9/35] 127.0.0.1 () {52 vars in 863 bytes} [Tue Apr  7 18:32:47 2020] GET /static/css/reset.css => generated 1805 bytes in 1 msecs via sendfile() (HTTP/1.1 200) 7 headers in 281 bytes (0 switches on core 0)
[pid: 30842|app: 0|req: 27/36] 127.0.0.1 () {52 vars in 865 bytes} [Tue Apr  7 18:32:47 2020] GET /static/css/common.css => generated 1948 bytes in 1 msecs via sendfile() (HTTP/1.1 200) 7 headers in 281 bytes (0 switches on core 0)
[pid: 30842|app: 0|req: 28/37] 127.0.0.1 () {52 vars in 863 bytes} [Tue Apr  7 18:32:47 2020] GET /static/css/index.css => generated 1763 bytes in 1 msecs via sendfile() (HTTP/1.1 200) 7 headers in 281 bytes (0 switches on core 0)
[pid: 30841|app: 0|req: 10/38] 127.0.0.1 () {52 vars in 888 bytes} [Tue Apr  7 18:32:47 2020] GET /static/img/example.png => generated 15828 bytes in 1 msecs via sendfile() (HTTP/1.1 200) 7 headers in 269 bytes (0 switches on core 0)
[pid: 30842|app: 0|req: 29/39] 127.0.0.1 () {52 vars in 845 bytes} [Tue Apr  7 18:32:47 2020] GET /static/js/index.js => generated 2470 bytes in 1 msecs via sendfile() (HTTP/1.1 200) 7 headers in 299 bytes (0 switches on core 0)
[pid: 30842|app: 0|req: 30/40] 127.0.0.1 () {48 vars in 731 bytes} [Tue Apr  7 18:32:47 2020] GET /curData => generated 1123 bytes in 766 msecs (HTTP/1.1 200) 2 headers in 73 bytes (1 switches on core 0)
[pid: 30841|app: 0|req: 11/41] 127.0.0.1 () {54 vars in 953 bytes} [Tue Apr  7 18:33:57 2020] GET / => generated 1291 bytes in 1 msecs (HTTP/1.1 200) 2 headers in 81 bytes (1 switches on core 0)
[pid: 30841|app: 0|req: 12/42] 127.0.0.1 () {52 vars in 863 bytes} [Tue Apr  7 18:33:57 2020] GET /static/css/reset.css => generated 1805 bytes in 2 msecs via sendfile() (HTTP/1.1 200) 7 headers in 281 bytes (0 switches on core 0)
[pid: 30842|app: 0|req: 31/43] 127.0.0.1 () {52 vars in 865 bytes} [Tue Apr  7 18:33:57 2020] GET /static/css/common.css => generated 1948 bytes in 2 msecs via sendfile() (HTTP/1.1 200) 7 headers in 281 bytes (0 switches on core 0)
[pid: 30842|app: 0|req: 32/44] 127.0.0.1 () {52 vars in 888 bytes} [Tue Apr  7 18:33:57 2020] GET /static/img/example.png => generated 15828 bytes in 1 msecs via sendfile() (HTTP/1.1 200) 7 headers in 269 bytes (0 switches on core 0)
[pid: 30841|app: 0|req: 13/45] 127.0.0.1 () {52 vars in 863 bytes} [Tue Apr  7 18:33:57 2020] GET /static/css/index.css => generated 1763 bytes in 1 msecs via sendfile() (HTTP/1.1 200) 7 headers in 281 bytes (0 switches on core 0)
[pid: 30842|app: 0|req: 33/46] 127.0.0.1 () {52 vars in 845 bytes} [Tue Apr  7 18:33:57 2020] GET /static/js/index.js => generated 2465 bytes in 1 msecs via sendfile() (HTTP/1.1 200) 7 headers in 299 bytes (0 switches on core 0)
[pid: 30842|app: 0|req: 34/47] 127.0.0.1 () {54 vars in 858 bytes} [Tue Apr  7 18:33:57 2020] GET /curData => generated 1131 bytes in 694 msecs (HTTP/1.1 200) 2 headers in 73 bytes (1 switches on core 0)
[uwsgi-python-reloader] module/file ./db/dao/baseDao.py has been modified
[uwsgi-python-reloader] module/file ./db/dao/baseDao.py has been modified
gateway "uWSGI http 1" has been buried (pid: 30844)
...gracefully killing workers...
Gracefully killing worker 2 (pid: 30842)...
Gracefully killing worker 1 (pid: 30841)...
worker 1 buried after 1 seconds
worker 2 buried after 1 seconds
binary reloading uWSGI...
chdir() to /home/blue/PycharmProjects/weboAnalyze
closing all non-uwsgi socket fds > 2 (max_fd = 1048576)...
found fd 6 mapped to socket 0 (/home/blue/PycharmProjects/weboAnalyze/uwsgi/uwsgi.sock)
running /home/blue/PycharmProjects/weboAnalyze/venv/bin/uwsgi
[uWSGI] getting INI configuration from uwsig.ini
*** Starting uWSGI 2.0.18 (64bit) on [Tue Apr  7 18:59:53 2020] ***
compiled with version: 7.5.0 on 07 April 2020 08:15:38
os: Linux-5.3.0-40-generic #32~18.04.1-Ubuntu SMP Mon Feb 3 14:05:59 UTC 2020
nodename: blue-Lenovo-ideapad-700-15ISK
machine: x86_64
clock source: unix
pcre jit disabled
detected number of CPU cores: 8
current working directory: /home/blue/PycharmProjects/weboAnalyze
detected binary path: /home/blue/PycharmProjects/weboAnalyze/venv/bin/uwsgi
chdir() to /home/blue/PycharmProjects/weboAnalyze
your processes number limit is 63039
your memory page size is 4096 bytes
detected max file descriptor number: 1048576
lock engine: pthread robust mutexes
thunder lock: disabled (you can enable it with --thunder-lock)
uWSGI http bound on 0.0.0.0:8080 fd 3
uwsgi socket 0 inherited UNIX address /home/blue/PycharmProjects/weboAnalyze/uwsgi/uwsgi.sock fd 6
Python version: 3.6.9 (default, Nov  7 2019, 10:44:02)  [GCC 8.3.0]
PEP 405 virtualenv detected: /home/blue/PycharmProjects/weboAnalyze/venv
Set PythonHome to /home/blue/PycharmProjects/weboAnalyze/venv
Python main interpreter initialized at 0x55d4b28d7400
python threads support enabled
your server socket listen backlog is limited to 100 connections
your mercy for graceful operations on workers is 60 seconds
mapped 218760 bytes (213 KB) for 2 cores
*** Operational MODE: preforking ***
Traceback (most recent call last):
  File "./app.py", line 9, in <module>
    from db.dao.user import UserDao
  File "./db/dao/user.py", line 8, in <module>
    from db.dao.baseDao import db
  File "./db/dao/baseDao.py", line 16, in <module>
    db = pymysql.connect("localhost", "root", "xxx", "webo", autocommit=1)
  File "/home/blue/PycharmProjects/weboAnalyze/venv/lib/python3.6/site-packages/pymysql/__init__.py", line 94, in Connect
    return Connection(*args, **kwargs)
  File "/home/blue/PycharmProjects/weboAnalyze/venv/lib/python3.6/site-packages/pymysql/connections.py", line 325, in __init__
    self.connect()
  File "/home/blue/PycharmProjects/weboAnalyze/venv/lib/python3.6/site-packages/pymysql/connections.py", line 599, in connect
    self._request_authentication()
  File "/home/blue/PycharmProjects/weboAnalyze/venv/lib/python3.6/site-packages/pymysql/connections.py", line 861, in _request_authentication
    auth_packet = self._read_packet()
  File "/home/blue/PycharmProjects/weboAnalyze/venv/lib/python3.6/site-packages/pymysql/connections.py", line 684, in _read_packet
    packet.check_error()
  File "/home/blue/PycharmProjects/weboAnalyze/venv/lib/python3.6/site-packages/pymysql/protocol.py", line 220, in check_error
    err.raise_mysql_exception(self._data)
  File "/home/blue/PycharmProjects/weboAnalyze/venv/lib/python3.6/site-packages/pymysql/err.py", line 109, in raise_mysql_exception
    raise errorclass(errno, errval)
pymysql.err.OperationalError: (1045, "Access denied for user 'root'@'localhost' (using password: YES)")
unable to load app 0 (mountpoint='') (callable not found or import error)
*** no app loaded. going in full dynamic mode ***
*** uWSGI is running in multiple interpreter mode ***
gracefully (RE)spawned uWSGI master process (pid: 30838)
spawned uWSGI worker 1 (pid: 4460, cores: 1)
spawned uWSGI worker 2 (pid: 4461, cores: 1)
*** Stats server enabled on /home/blue/PycharmProjects/weboAnalyze/uwsgi/uwsgi.status fd: 14 ***
Python auto-reloader enabled
spawned uWSGI http 1 (pid: 4464)
--- no python application found, check your startup logs for errors ---
[pid: 4461|app: -1|req: -1/1] 127.0.0.1 () {46 vars in 877 bytes} [Tue Apr  7 19:21:17 2020] GET / => generated 21 bytes in 0 msecs (HTTP/1.1 500) 2 headers in 83 bytes (0 switches on core 0)
--- no python application found, check your startup logs for errors ---
[pid: 4461|app: -1|req: -1/2] 127.0.0.1 () {50 vars in 909 bytes} [Tue Apr  7 19:21:22 2020] GET / => generated 21 bytes in 0 msecs (HTTP/1.1 500) 2 headers in 83 bytes (0 switches on core 0)
--- no python application found, check your startup logs for errors ---
[pid: 4461|app: -1|req: -1/3] 127.0.0.1 () {52 vars in 940 bytes} [Tue Apr  7 19:21:26 2020] GET / => generated 21 bytes in 0 msecs (HTTP/1.1 500) 2 headers in 83 bytes (0 switches on core 0)
--- no python application found, check your startup logs for errors ---
[pid: 4460|app: -1|req: -1/4] 127.0.0.1 () {52 vars in 940 bytes} [Tue Apr  7 19:21:29 2020] GET / => generated 21 bytes in 0 msecs (HTTP/1.1 500) 2 headers in 83 bytes (0 switches on core 0)
--- no python application found, check your startup logs for errors ---
[pid: 4461|app: -1|req: -1/5] 127.0.0.1 () {52 vars in 940 bytes} [Tue Apr  7 19:21:41 2020] GET / => generated 21 bytes in 0 msecs (HTTP/1.1 500) 2 headers in 83 bytes (0 switches on core 0)
--- no python application found, check your startup logs for errors ---
[pid: 4461|app: -1|req: -1/6] 127.0.0.1 () {52 vars in 940 bytes} [Tue Apr  7 19:21:42 2020] GET / => generated 21 bytes in 0 msecs (HTTP/1.1 500) 2 headers in 83 bytes (0 switches on core 0)
--- no python application found, check your startup logs for errors ---
[pid: 4461|app: -1|req: -1/7] 127.0.0.1 () {52 vars in 940 bytes} [Tue Apr  7 19:21:42 2020] GET / => generated 21 bytes in 0 msecs (HTTP/1.1 500) 2 headers in 83 bytes (0 switches on core 0)
--- no python application found, check your startup logs for errors ---
[pid: 4460|app: -1|req: -1/8] 127.0.0.1 () {52 vars in 940 bytes} [Tue Apr  7 19:21:42 2020] GET / => generated 21 bytes in 0 msecs (HTTP/1.1 500) 2 headers in 83 bytes (0 switches on core 0)
--- no python application found, check your startup logs for errors ---
[pid: 4460|app: -1|req: -1/9] 127.0.0.1 () {52 vars in 940 bytes} [Tue Apr  7 19:21:43 2020] GET / => generated 21 bytes in 0 msecs (HTTP/1.1 500) 2 headers in 83 bytes (0 switches on core 0)
--- no python application found, check your startup logs for errors ---
[pid: 4461|app: -1|req: -1/10] 127.0.0.1 () {52 vars in 940 bytes} [Tue Apr  7 19:21:43 2020] GET / => generated 21 bytes in 0 msecs (HTTP/1.1 500) 2 headers in 83 bytes (0 switches on core 0)
--- no python application found, check your startup logs for errors ---
[pid: 4461|app: -1|req: -1/11] 127.0.0.1 () {52 vars in 940 bytes} [Tue Apr  7 19:21:43 2020] GET / => generated 21 bytes in 0 msecs (HTTP/1.1 500) 2 headers in 83 bytes (0 switches on core 0)
--- no python application found, check your startup logs for errors ---
[pid: 4460|app: -1|req: -1/12] 127.0.0.1 () {52 vars in 940 bytes} [Tue Apr  7 19:21:43 2020] GET / => generated 21 bytes in 0 msecs (HTTP/1.1 500) 2 headers in 83 bytes (0 switches on core 0)
--- no python application found, check your startup logs for errors ---
[pid: 4461|app: -1|req: -1/13] 127.0.0.1 () {52 vars in 940 bytes} [Tue Apr  7 19:21:43 2020] GET / => generated 21 bytes in 0 msecs (HTTP/1.1 500) 2 headers in 83 bytes (0 switches on core 0)
--- no python application found, check your startup logs for errors ---
[pid: 4461|app: -1|req: -1/14] 127.0.0.1 () {52 vars in 940 bytes} [Tue Apr  7 19:22:05 2020] GET / => generated 21 bytes in 0 msecs (HTTP/1.1 500) 2 headers in 83 bytes (0 switches on core 0)
--- no python application found, check your startup logs for errors ---
[pid: 4460|app: -1|req: -1/15] 127.0.0.1 () {52 vars in 940 bytes} [Tue Apr  7 19:22:06 2020] GET / => generated 21 bytes in 0 msecs (HTTP/1.1 500) 2 headers in 83 bytes (0 switches on core 0)
--- no python application found, check your startup logs for errors ---
[pid: 4461|app: -1|req: -1/16] 127.0.0.1 () {52 vars in 940 bytes} [Tue Apr  7 19:22:07 2020] GET / => generated 21 bytes in 0 msecs (HTTP/1.1 500) 2 headers in 83 bytes (0 switches on core 0)
--- no python application found, check your startup logs for errors ---
[pid: 4461|app: -1|req: -1/17] 127.0.0.1 () {52 vars in 940 bytes} [Tue Apr  7 19:22:07 2020] GET / => generated 21 bytes in 0 msecs (HTTP/1.1 500) 2 headers in 83 bytes (0 switches on core 0)
--- no python application found, check your startup logs for errors ---
[pid: 4461|app: -1|req: -1/18] 127.0.0.1 () {52 vars in 940 bytes} [Tue Apr  7 19:22:07 2020] GET / => generated 21 bytes in 0 msecs (HTTP/1.1 500) 2 headers in 83 bytes (0 switches on core 0)
--- no python application found, check your startup logs for errors ---
[pid: 4460|app: -1|req: -1/19] 127.0.0.1 () {52 vars in 940 bytes} [Tue Apr  7 19:22:07 2020] GET / => generated 21 bytes in 0 msecs (HTTP/1.1 500) 2 headers in 83 bytes (0 switches on core 0)
--- no python application found, check your startup logs for errors ---
[pid: 4461|app: -1|req: -1/20] 127.0.0.1 () {52 vars in 940 bytes} [Tue Apr  7 19:22:24 2020] GET / => generated 21 bytes in 0 msecs (HTTP/1.1 500) 2 headers in 83 bytes (0 switches on core 0)
--- no python application found, check your startup logs for errors ---
[pid: 4461|app: -1|req: -1/21] 127.0.0.1 () {52 vars in 940 bytes} [Tue Apr  7 19:22:24 2020] GET / => generated 21 bytes in 0 msecs (HTTP/1.1 500) 2 headers in 83 bytes (0 switches on core 0)
--- no python application found, check your startup logs for errors ---
[pid: 4461|app: -1|req: -1/22] 127.0.0.1 () {52 vars in 940 bytes} [Tue Apr  7 19:22:25 2020] GET / => generated 21 bytes in 0 msecs (HTTP/1.1 500) 2 headers in 83 bytes (0 switches on core 0)
--- no python application found, check your startup logs for errors ---
[pid: 4461|app: -1|req: -1/23] 127.0.0.1 () {52 vars in 940 bytes} [Tue Apr  7 19:22:25 2020] GET / => generated 21 bytes in 0 msecs (HTTP/1.1 500) 2 headers in 83 bytes (0 switches on core 0)
--- no python application found, check your startup logs for errors ---
[pid: 4461|app: -1|req: -1/24] 127.0.0.1 () {52 vars in 940 bytes} [Tue Apr  7 19:22:25 2020] GET / => generated 21 bytes in 0 msecs (HTTP/1.1 500) 2 headers in 83 bytes (0 switches on core 0)
--- no python application found, check your startup logs for errors ---
[pid: 4461|app: -1|req: -1/25] 127.0.0.1 () {52 vars in 940 bytes} [Tue Apr  7 19:22:26 2020] GET / => generated 21 bytes in 0 msecs (HTTP/1.1 500) 2 headers in 83 bytes (0 switches on core 0)
*** Starting uWSGI 2.0.18 (64bit) on [Tue Apr  7 19:23:19 2020] ***
compiled with version: 7.5.0 on 07 April 2020 08:15:38
os: Linux-5.3.0-40-generic #32~18.04.1-Ubuntu SMP Mon Feb 3 14:05:59 UTC 2020
nodename: blue-Lenovo-ideapad-700-15ISK
machine: x86_64
clock source: unix
pcre jit disabled
detected number of CPU cores: 8
current working directory: /home/blue/PycharmProjects/weboAnalyze
writing pidfile to /home/blue/PycharmProjects/weboAnalyze/uwsgi/uwsgi.pid
detected binary path: /home/blue/PycharmProjects/weboAnalyze/venv/bin/uwsgi
chdir() to /home/blue/PycharmProjects/weboAnalyze
your processes number limit is 63039
your memory page size is 4096 bytes
detected max file descriptor number: 1048576
lock engine: pthread robust mutexes
thunder lock: disabled (you can enable it with --thunder-lock)
probably another instance of uWSGI is running on the same address (0.0.0.0:8080).
bind(): Address already in use [core/socket.c line 769]
--- no python application found, check your startup logs for errors ---
[pid: 4460|app: -1|req: -1/26] 127.0.0.1 () {52 vars in 940 bytes} [Tue Apr  7 19:23:26 2020] GET / => generated 21 bytes in 0 msecs (HTTP/1.1 500) 2 headers in 83 bytes (0 switches on core 0)
--- no python application found, check your startup logs for errors ---
[pid: 4460|app: -1|req: -1/27] 127.0.0.1 () {52 vars in 940 bytes} [Tue Apr  7 19:23:27 2020] GET / => generated 21 bytes in 0 msecs (HTTP/1.1 500) 2 headers in 83 bytes (0 switches on core 0)
--- no python application found, check your startup logs for errors ---
[pid: 4460|app: -1|req: -1/28] 127.0.0.1 () {52 vars in 940 bytes} [Tue Apr  7 19:23:27 2020] GET / => generated 21 bytes in 0 msecs (HTTP/1.1 500) 2 headers in 83 bytes (0 switches on core 0)
--- no python application found, check your startup logs for errors ---
[pid: 4461|app: -1|req: -1/29] 127.0.0.1 () {52 vars in 940 bytes} [Tue Apr  7 19:23:27 2020] GET / => generated 21 bytes in 0 msecs (HTTP/1.1 500) 2 headers in 83 bytes (0 switches on core 0)
--- no python application found, check your startup logs for errors ---
[pid: 4461|app: -1|req: -1/30] 127.0.0.1 () {52 vars in 940 bytes} [Tue Apr  7 19:23:27 2020] GET / => generated 21 bytes in 0 msecs (HTTP/1.1 500) 2 headers in 83 bytes (0 switches on core 0)
*** Starting uWSGI 2.0.18 (64bit) on [Tue Apr  7 19:24:20 2020] ***
compiled with version: 7.5.0 on 07 April 2020 08:15:38
os: Linux-5.3.0-40-generic #32~18.04.1-Ubuntu SMP Mon Feb 3 14:05:59 UTC 2020
nodename: blue-Lenovo-ideapad-700-15ISK
machine: x86_64
clock source: unix
pcre jit disabled
detected number of CPU cores: 8
current working directory: /home/blue/PycharmProjects/weboAnalyze
writing pidfile to /home/blue/PycharmProjects/weboAnalyze/uwsgi/uwsgi.pid
detected binary path: /home/blue/PycharmProjects/weboAnalyze/venv/bin/uwsgi
chdir() to /home/blue/PycharmProjects/weboAnalyze
your processes number limit is 63039
your memory page size is 4096 bytes
detected max file descriptor number: 1048576
lock engine: pthread robust mutexes
thunder lock: disabled (you can enable it with --thunder-lock)
uwsgi socket 0 bound to UNIX address /home/blue/PycharmProjects/weboAnalyze/uwsgi/uwsgi.sock fd 3
Python version: 3.6.9 (default, Nov  7 2019, 10:44:02)  [GCC 8.3.0]
PEP 405 virtualenv detected: /home/blue/PycharmProjects/weboAnalyze/venv
Set PythonHome to /home/blue/PycharmProjects/weboAnalyze/venv
Python main interpreter initialized at 0x560549df50b0
python threads support enabled
your server socket listen backlog is limited to 100 connections
your mercy for graceful operations on workers is 60 seconds
mapped 218760 bytes (213 KB) for 2 cores
*** Operational MODE: preforking ***
WSGI app 0 (mountpoint='') ready in 0 seconds on interpreter 0x560549df50b0 pid: 7862 (default app)
*** uWSGI is running in multiple interpreter mode ***
spawned uWSGI master process (pid: 7862)
spawned uWSGI worker 1 (pid: 7865, cores: 1)
spawned uWSGI worker 2 (pid: 7866, cores: 1)
*** Stats server enabled on /home/blue/PycharmProjects/weboAnalyze/uwsgi/uwsgi.status fd: 12 ***
Python auto-reloader enabled
[pid: 7866|app: 0|req: 1/1] 127.0.0.1 () {52 vars in 940 bytes} [Tue Apr  7 19:24:23 2020] GET / => generated 1291 bytes in 35 msecs (HTTP/1.1 200) 2 headers in 81 bytes (1 switches on core 0)
[pid: 7866|app: 0|req: 2/2] 127.0.0.1 () {50 vars in 814 bytes} [Tue Apr  7 19:24:24 2020] GET /curData => generated 1108 bytes in 696 msecs (HTTP/1.1 200) 2 headers in 73 bytes (1 switches on core 0)
gateway "uWSGI http 1" has been buried (pid: 4464)
...brutally killing workers...
...brutally killing workers...
Gracefully killing worker 1 (pid: 7865)...
Gracefully killing worker 1 (pid: 4460)...
Gracefully killing worker 2 (pid: 4461)...
Gracefully killing worker 2 (pid: 7866)...
worker 1 buried after 1 seconds
worker 2 buried after 1 seconds
binary reloading uWSGI...
chdir() to /home/blue/PycharmProjects/weboAnalyze
closing all non-uwsgi socket fds > 2 (max_fd = 1048576)...
found fd 3 mapped to socket 0 (/home/blue/PycharmProjects/weboAnalyze/uwsgi/uwsgi.sock)
worker 1 buried after 1 seconds
worker 2 buried after 1 seconds
binary reloading uWSGI...
chdir() to /home/blue/PycharmProjects/weboAnalyze
closing all non-uwsgi socket fds > 2 (max_fd = 1048576)...
found fd 6 mapped to socket 0 (/home/blue/PycharmProjects/weboAnalyze/uwsgi/uwsgi.sock)
running /home/blue/PycharmProjects/weboAnalyze/venv/bin/uwsgi
running /home/blue/PycharmProjects/weboAnalyze/venv/bin/uwsgi
[uWSGI] getting INI configuration from uwsig.ini
*** Starting uWSGI 2.0.18 (64bit) on [Tue Apr  7 23:42:46 2020] ***
compiled with version: 7.5.0 on 07 April 2020 08:15:38
os: Linux-5.3.0-40-generic #32~18.04.1-Ubuntu SMP Mon Feb 3 14:05:59 UTC 2020
nodename: blue-Lenovo-ideapad-700-15ISK
machine: x86_64
clock source: unix
pcre jit disabled
detected number of CPU cores: 8
current working directory: /home/blue/PycharmProjects/weboAnalyze
detected binary path: /home/blue/PycharmProjects/weboAnalyze/venv/bin/uwsgi
chdir() to /home/blue/PycharmProjects/weboAnalyze
your processes number limit is 63039
your memory page size is 4096 bytes
detected max file descriptor number: 1048576
lock engine: pthread robust mutexes
thunder lock: disabled (you can enable it with --thunder-lock)
uwsgi socket 0 inherited UNIX address /home/blue/PycharmProjects/weboAnalyze/uwsgi/uwsgi.sock fd 6
[uWSGI] getting INI configuration from uwsig.ini
*** Starting uWSGI 2.0.18 (64bit) on [Tue Apr  7 23:42:46 2020] ***
compiled with version: 7.5.0 on 07 April 2020 08:15:38
os: Linux-5.3.0-40-generic #32~18.04.1-Ubuntu SMP Mon Feb 3 14:05:59 UTC 2020
nodename: blue-Lenovo-ideapad-700-15ISK
machine: x86_64
clock source: unix
pcre jit disabled
detected number of CPU cores: 8
current working directory: /home/blue/PycharmProjects/weboAnalyze
detected binary path: /home/blue/PycharmProjects/weboAnalyze/venv/bin/uwsgi
chdir() to /home/blue/PycharmProjects/weboAnalyze
your processes number limit is 63039
your memory page size is 4096 bytes
detected max file descriptor number: 1048576
lock engine: pthread robust mutexes
thunder lock: disabled (you can enable it with --thunder-lock)
uwsgi socket 0 inherited UNIX address /home/blue/PycharmProjects/weboAnalyze/uwsgi/uwsgi.sock fd 3
Python version: 3.6.9 (default, Nov  7 2019, 10:44:02)  [GCC 8.3.0]
PEP 405 virtualenv detected: /home/blue/PycharmProjects/weboAnalyze/venv
Set PythonHome to /home/blue/PycharmProjects/weboAnalyze/venv
Python main interpreter initialized at 0x563d293eae20
python threads support enabled
your server socket listen backlog is limited to 100 connections
your mercy for graceful operations on workers is 60 seconds
mapped 218760 bytes (213 KB) for 2 cores
*** Operational MODE: preforking ***
Python version: 3.6.9 (default, Nov  7 2019, 10:44:02)  [GCC 8.3.0]
PEP 405 virtualenv detected: /home/blue/PycharmProjects/weboAnalyze/venv
Set PythonHome to /home/blue/PycharmProjects/weboAnalyze/venv
Python main interpreter initialized at 0x559770eebe90
python threads support enabled
your server socket listen backlog is limited to 100 connections
your mercy for graceful operations on workers is 60 seconds
mapped 218760 bytes (213 KB) for 2 cores
*** Operational MODE: preforking ***
Traceback (most recent call last):
  File "/home/blue/PycharmProjects/weboAnalyze/venv/lib/python3.6/site-packages/pymysql/connections.py", line 583, in connect
    **kwargs)
  File "/usr/lib/python3.6/socket.py", line 724, in create_connection
    raise err
  File "/usr/lib/python3.6/socket.py", line 713, in create_connection
    sock.connect(sa)
ConnectionRefusedError: [Errno 111] Connection refused

During handling of the above exception, another exception occurred:

Traceback (most recent call last):
  File "./app.py", line 9, in <module>
    from db.dao.user import UserDao
  File "./db/dao/user.py", line 8, in <module>
    from db.dao.baseDao import db
  File "./db/dao/baseDao.py", line 16, in <module>
    db = pymysql.connect("localhost", "root", "1123", "webo", autocommit=1)
  File "/home/blue/PycharmProjects/weboAnalyze/venv/lib/python3.6/site-packages/pymysql/__init__.py", line 94, in Connect
    return Connection(*args, **kwargs)
  File "/home/blue/PycharmProjects/weboAnalyze/venv/lib/python3.6/site-packages/pymysql/connections.py", line 325, in __init__
    self.connect()
  File "/home/blue/PycharmProjects/weboAnalyze/venv/lib/python3.6/site-packages/pymysql/connections.py", line 630, in connect
    raise exc
pymysql.err.OperationalError: (2003, "Can't connect to MySQL server on 'localhost' ([Errno 111] Connection refused)")
unable to load app 0 (mountpoint='') (callable not found or import error)
*** no app loaded. going in full dynamic mode ***
*** uWSGI is running in multiple interpreter mode ***
gracefully (RE)spawned uWSGI master process (pid: 30838)
spawned uWSGI worker 1 (pid: 15057, cores: 1)
spawned uWSGI worker 2 (pid: 15058, cores: 1)
*** Stats server enabled on /home/blue/PycharmProjects/weboAnalyze/uwsgi/uwsgi.status fd: 11 ***
Python auto-reloader enabled
Traceback (most recent call last):
  File "/home/blue/PycharmProjects/weboAnalyze/venv/lib/python3.6/site-packages/pymysql/connections.py", line 583, in connect
    **kwargs)
  File "/usr/lib/python3.6/socket.py", line 724, in create_connection
    raise err
  File "/usr/lib/python3.6/socket.py", line 713, in create_connection
    sock.connect(sa)
ConnectionRefusedError: [Errno 111] Connection refused

During handling of the above exception, another exception occurred:

Traceback (most recent call last):
  File "./app.py", line 9, in <module>
    from db.dao.user import UserDao
  File "./db/dao/user.py", line 8, in <module>
    from db.dao.baseDao import db
  File "./db/dao/baseDao.py", line 16, in <module>
    db = pymysql.connect("localhost", "root", "1123", "webo", autocommit=1)
  File "/home/blue/PycharmProjects/weboAnalyze/venv/lib/python3.6/site-packages/pymysql/__init__.py", line 94, in Connect
    return Connection(*args, **kwargs)
  File "/home/blue/PycharmProjects/weboAnalyze/venv/lib/python3.6/site-packages/pymysql/connections.py", line 325, in __init__
    self.connect()
  File "/home/blue/PycharmProjects/weboAnalyze/venv/lib/python3.6/site-packages/pymysql/connections.py", line 630, in connect
    raise exc
pymysql.err.OperationalError: (2003, "Can't connect to MySQL server on 'localhost' ([Errno 111] Connection refused)")
unable to load app 0 (mountpoint='') (callable not found or import error)
*** no app loaded. going in full dynamic mode ***
*** uWSGI is running in multiple interpreter mode ***
gracefully (RE)spawned uWSGI master process (pid: 7862)
spawned uWSGI worker 1 (pid: 15061, cores: 1)
spawned uWSGI worker 2 (pid: 15062, cores: 1)
*** Stats server enabled on /home/blue/PycharmProjects/weboAnalyze/uwsgi/uwsgi.status fd: 11 ***
Python auto-reloader enabled
